#
# There is insufficient memory for the Java Runtime Environment to continue.
# Native memory allocation (malloc) failed to allocate 170352 bytes for Chunk::new
# Possible reasons:
#   The system is out of physical RAM or swap space
#   The process is running with CompressedOops enabled, and the Java Heap may be blocking the growth of the native heap
# Possible solutions:
#   Reduce memory load on the system
#   Increase physical memory or swap space
#   Check if swap backing store is full
#   Decrease Java heap size (-Xmx/-Xms)
#   Decrease number of Java threads
#   Decrease Java thread stack sizes (-Xss)
#   Set larger code cache with -XX:ReservedCodeCacheSize=
#   JVM is running with Zero Based Compressed Oops mode in which the Java heap is
#     placed in the first 32GB address space. The Java Heap base address is the
#     maximum limit for the native heap growth. Please use -XX:HeapBaseMinAddress
#     to set the Java Heap base and to place the Java Heap above 32GB virtual address.
# This output file may be truncated or incomplete.
#
#  Out of Memory Error (allocation.cpp:389), pid=13852, tid=0x0000000000002a54
#
# JRE version: Java(TM) SE Runtime Environment (8.0_241-b07) (build 1.8.0_241-b07)
# Java VM: Java HotSpot(TM) 64-Bit Server VM (25.241-b07 mixed mode windows-amd64 compressed oops)
# Failed to write core dump. Minidumps are not enabled by default on client versions of Windows
#

---------------  T H R E A D  ---------------

Current thread (0x000000001e73e000):  JavaThread "C2 CompilerThread0" daemon [_thread_in_native, id=10836, stack(0x000000001ef40000,0x000000001f040000)]

Stack: [0x000000001ef40000,0x000000001f040000]
[error occurred during error reporting (printing stack bounds), id 0xc0000005]

Native frames: (J=compiled Java code, j=interpreted, Vv=VM code, C=native code)


Current CompileTask:
C2:   3345 1840       4       twitter4j.JSONTokener::nextValue (95 bytes)


---------------  P R O C E S S  ---------------

Java Threads: ( => current thread )
  0x0000000021bb0000 JavaThread "Keep-Alive-Timer" daemon [_thread_blocked, id=19892, stack(0x00000000240e0000,0x00000000241e0000)]
  0x000000001fadd000 JavaThread "cluster2-nio-worker-1" [_thread_in_native, id=22700, stack(0x0000000022a60000,0x0000000022b60000)]
  0x000000001faac000 JavaThread "threadDeathWatcher-2-1" daemon [_thread_blocked, id=26264, stack(0x0000000020980000,0x0000000020a80000)]
  0x000000001fa93000 JavaThread "cluster2-timeouter-0" [_thread_blocked, id=25756, stack(0x0000000020880000,0x0000000020980000)]
  0x000000001f85c000 JavaThread "cluster2-nio-worker-0" [_thread_in_native, id=25312, stack(0x0000000020480000,0x0000000020580000)]
  0x000000001f7dd000 JavaThread "cluster2-scheduled-task-worker-0" [_thread_blocked, id=16776, stack(0x0000000020380000,0x0000000020480000)]
  0x000000001f7b3000 JavaThread "cluster2-connection-reaper-0" [_thread_blocked, id=25956, stack(0x000000001fd40000,0x000000001fe40000)]
  0x000000001e7dc000 JavaThread "Service Thread" daemon [_thread_blocked, id=18644, stack(0x000000001f340000,0x000000001f440000)]
  0x000000001e74b000 JavaThread "C1 CompilerThread3" daemon [_thread_blocked, id=23372, stack(0x000000001f240000,0x000000001f340000)]
  0x000000001e744000 JavaThread "C2 CompilerThread2" daemon [_thread_in_native, id=17236, stack(0x000000001f140000,0x000000001f240000)]
  0x000000001e740000 JavaThread "C2 CompilerThread1" daemon [_thread_in_native, id=16972, stack(0x000000001f040000,0x000000001f140000)]
=>0x000000001e73e000 JavaThread "C2 CompilerThread0" daemon [_thread_in_native, id=10836, stack(0x000000001ef40000,0x000000001f040000)]
  0x000000001e73b000 JavaThread "Attach Listener" daemon [_thread_blocked, id=21560, stack(0x000000001ee40000,0x000000001ef40000)]
  0x000000001e73a000 JavaThread "Signal Dispatcher" daemon [_thread_blocked, id=17808, stack(0x000000001ed40000,0x000000001ee40000)]
  0x000000001e730800 JavaThread "Finalizer" daemon [_thread_blocked, id=5544, stack(0x000000001eb10000,0x000000001ec10000)]
  0x0000000002e8a000 JavaThread "Reference Handler" daemon [_thread_blocked, id=17272, stack(0x000000001e610000,0x000000001e710000)]
  0x0000000002d92800 JavaThread "main" [_thread_blocked, id=5248, stack(0x0000000002c40000,0x0000000002d40000)]

Other Threads:
  0x000000001c839800 VMThread [stack: 0x000000001e510000,0x000000001e610000] [id=22096]
  0x000000001e7ef000 WatcherThread [stack: 0x000000001f440000,0x000000001f540000] [id=18368]

VM state:not at safepoint (normal execution)

VM Mutex/Monitor currently owned by a thread: None

heap address: 0x00000006c3000000, size: 4048 MB, Compressed Oops mode: Zero based, Oop shift amount: 3
Narrow klass base: 0x0000000000000000, Narrow klass shift: 3
Compressed class space size: 1073741824 Address: 0x00000007c0000000

Heap:
 PSYoungGen      total 75776K, used 75635K [0x000000076bb00000, 0x0000000770f80000, 0x00000007c0000000)
  eden space 65024K, 99% used [0x000000076bb00000,0x000000076fa5da48,0x000000076fa80000)
  from space 10752K, 99% used [0x000000076fa80000,0x00000007704ff3b8,0x0000000770500000)
  to   space 10752K, 0% used [0x0000000770500000,0x0000000770500000,0x0000000770f80000)
 ParOldGen       total 173568K, used 2759K [0x00000006c3000000, 0x00000006cd980000, 0x000000076bb00000)
  object space 173568K, 1% used [0x00000006c3000000,0x00000006c32b1f70,0x00000006cd980000)
 Metaspace       used 18345K, capacity 18596K, committed 18688K, reserved 1064960K
  class space    used 2239K, capacity 2288K, committed 2304K, reserved 1048576K

Card table byte_map: [0x0000000012250000,0x0000000012a40000] byte_map_base: 0x000000000ec38000

Marking Bits: (ParMarkBitMap*) 0x0000000066aabe30
 Begin Bits: [0x0000000013790000, 0x00000000176d0000)
 End Bits:   [0x00000000176d0000, 0x000000001b610000)

Polling page: 0x0000000001470000

CodeCache: size=245760Kb used=6705Kb max_used=6706Kb free=239054Kb
 bounds [0x0000000002e90000, 0x0000000003530000, 0x0000000011e90000]
 total_blobs=2532 nmethods=2064 adapters=378
 compilation: enabled

Compilation events (10 events):
Event: 3.324 Thread 0x000000001e74b000 2072       3       java.util.ArrayList::set (20 bytes)
Event: 3.325 Thread 0x000000001e74b000 nmethod 2072 0x0000000003508550 code [0x00000000035086e0, 0x0000000003508c18]
Event: 3.325 Thread 0x000000001e74b000 2074       3       java.util.LinkedHashMap::entrySet (27 bytes)
Event: 3.325 Thread 0x000000001e74b000 nmethod 2074 0x000000000351c6d0 code [0x000000000351c860, 0x000000000351cc10]
Event: 3.326 Thread 0x000000001e74b000 2075       3       twitter4j.JSONStringer::replaceTop (23 bytes)
Event: 3.326 Thread 0x000000001e74b000 nmethod 2075 0x000000000351cdd0 code [0x000000000351cf40, 0x000000000351d238]
Event: 3.335 Thread 0x000000001e744000 nmethod 2057 0x0000000003520e50 code [0x0000000003521000, 0x0000000003521eb8]
Event: 3.335 Thread 0x000000001e744000 2064 %     4       sun.util.locale.provider.CalendarNameProviderImpl::hasDuplicates @ 27 (61 bytes)
Event: 3.337 Thread 0x000000001e74b000 2077       3       java.nio.charset.CoderResult::isOverflow (14 bytes)
Event: 3.337 Thread 0x000000001e74b000 nmethod 2077 0x00000000035081d0 code [0x0000000003508320, 0x00000000035084d0]

GC Heap History (2 events):
Event: 2.897 GC heap before
{Heap before GC invocations=1 (full 0):
 PSYoungGen      total 75776K, used 64388K [0x000000076bb00000, 0x0000000770f80000, 0x00000007c0000000)
  eden space 65024K, 99% used [0x000000076bb00000,0x000000076f9e10a0,0x000000076fa80000)
  from space 10752K, 0% used [0x0000000770500000,0x0000000770500000,0x0000000770f80000)
  to   space 10752K, 0% used [0x000000076fa80000,0x000000076fa80000,0x0000000770500000)
 ParOldGen       total 173568K, used 0K [0x00000006c3000000, 0x00000006cd980000, 0x000000076bb00000)
  object space 173568K, 0% used [0x00000006c3000000,0x00000006c3000000,0x00000006cd980000)
 Metaspace       used 17874K, capacity 18148K, committed 18176K, reserved 1064960K
  class space    used 2208K, capacity 2288K, committed 2304K, reserved 1048576K
Event: 2.930 GC heap after
Heap after GC invocations=1 (full 0):
 PSYoungGen      total 75776K, used 10748K [0x000000076bb00000, 0x0000000770f80000, 0x00000007c0000000)
  eden space 65024K, 0% used [0x000000076bb00000,0x000000076bb00000,0x000000076fa80000)
  from space 10752K, 99% used [0x000000076fa80000,0x00000007704ff3b8,0x0000000770500000)
  to   space 10752K, 0% used [0x0000000770500000,0x0000000770500000,0x0000000770f80000)
 ParOldGen       total 173568K, used 2759K [0x00000006c3000000, 0x00000006cd980000, 0x000000076bb00000)
  object space 173568K, 1% used [0x00000006c3000000,0x00000006c32b1f70,0x00000006cd980000)
 Metaspace       used 17874K, capacity 18148K, committed 18176K, reserved 1064960K
  class space    used 2208K, capacity 2288K, committed 2304K, reserved 1048576K
}

Deoptimization events (10 events):
Event: 1.969 Thread 0x0000000002d92800 Uncommon trap: reason=unstable_if action=reinterpret pc=0x000000000327b1e0 method=java.lang.CharacterDataLatin1.digit(II)I @ 82
Event: 1.969 Thread 0x0000000002d92800 Uncommon trap: reason=unstable_if action=reinterpret pc=0x000000000327e294 method=java.lang.CharacterDataLatin1.digit(II)I @ 82
Event: 1.974 Thread 0x0000000002d92800 Uncommon trap: reason=predicate action=maybe_recompile pc=0x000000000307ef38 method=sun.net.www.ParseUtil.encodePath(Ljava/lang/String;Z)Ljava/lang/String; @ 36
Event: 2.148 Thread 0x0000000002d92800 Uncommon trap: reason=unstable_if action=reinterpret pc=0x0000000003358bac method=java.util.Arrays.equals([B[B)Z @ 41
Event: 2.228 Thread 0x0000000002d92800 Uncommon trap: reason=class_check action=maybe_recompile pc=0x00000000033e83ac method=sun.security.util.math.intpoly.IntegerPolynomial$MutableElement.setSum(Lsun/security/util/math/IntegerModuloP;)Lsun/security/util/math/intpoly/IntegerPolynomial$MutableE
Event: 2.228 Thread 0x0000000002d92800 Uncommon trap: reason=class_check action=maybe_recompile pc=0x00000000033e83ac method=sun.security.util.math.intpoly.IntegerPolynomial$MutableElement.setSum(Lsun/security/util/math/IntegerModuloP;)Lsun/security/util/math/intpoly/IntegerPolynomial$MutableE
Event: 2.228 Thread 0x0000000002d92800 Uncommon trap: reason=class_check action=maybe_recompile pc=0x00000000033e83ac method=sun.security.util.math.intpoly.IntegerPolynomial$MutableElement.setSum(Lsun/security/util/math/IntegerModuloP;)Lsun/security/util/math/intpoly/IntegerPolynomial$MutableE
Event: 2.228 Thread 0x0000000002d92800 Uncommon trap: reason=class_check action=maybe_recompile pc=0x00000000033e83ac method=sun.security.util.math.intpoly.IntegerPolynomial$MutableElement.setSum(Lsun/security/util/math/IntegerModuloP;)Lsun/security/util/math/intpoly/IntegerPolynomial$MutableE
Event: 3.124 Thread 0x0000000002d92800 Uncommon trap: reason=unstable_if action=reinterpret pc=0x0000000003444da4 method=java.lang.CharacterDataLatin1.digit(II)I @ 60
Event: 3.201 Thread 0x0000000002d92800 Uncommon trap: reason=unstable_if action=reinterpret pc=0x00000000033436d4 method=java.util.HashMap.resize()[Ljava/util/HashMap$Node; @ 206

Classes redefined (0 events):
No events

Internal exceptions (10 events):
Event: 1.047 Thread 0x0000000002d92800 Exception <a 'java/lang/ArrayIndexOutOfBoundsException'> (0x000000076d135860) thrown at [C:\ade\jenkins\workspace\8-2-build-windows-amd64-cygwin\jdk8u241\331\hotspot\src\share\vm\runtime\sharedRuntime.cpp, line 605]
Event: 1.310 Thread 0x0000000002d92800 Implicit null exception at 0x00000000031a2f15 to 0x00000000031a313d
Event: 1.311 Thread 0x0000000002d92800 Implicit null exception at 0x000000000321895b to 0x00000000032192c5
Event: 1.384 Thread 0x0000000002d92800 Exception <a 'java/lang/NullPointerException'> (0x000000076e2e4b60) thrown at [C:\ade\jenkins\workspace\8-2-build-windows-amd64-cygwin\jdk8u241\331\hotspot\src\share\vm\interpreter\linkResolver.cpp, line 1185]
Event: 1.384 Thread 0x0000000002d92800 Exception <a 'java/lang/NullPointerException'> (0x000000076e2e93e8) thrown at [C:\ade\jenkins\workspace\8-2-build-windows-amd64-cygwin\jdk8u241\331\hotspot\src\share\vm\interpreter\linkResolver.cpp, line 1185]
Event: 1.384 Thread 0x0000000002d92800 Exception <a 'java/io/FileNotFoundException'> (0x000000076e2e9868) thrown at [C:\ade\jenkins\workspace\8-2-build-windows-amd64-cygwin\jdk8u241\331\hotspot\src\share\vm\prims\jni.cpp, line 710]
Event: 1.388 Thread 0x0000000002d92800 Exception <a 'java/lang/NullPointerException'> (0x000000076e3072e8) thrown at [C:\ade\jenkins\workspace\8-2-build-windows-amd64-cygwin\jdk8u241\331\hotspot\src\share\vm\interpreter\linkResolver.cpp, line 1185]
Event: 1.388 Thread 0x0000000002d92800 Exception <a 'java/lang/NullPointerException'> (0x000000076e30bb08) thrown at [C:\ade\jenkins\workspace\8-2-build-windows-amd64-cygwin\jdk8u241\331\hotspot\src\share\vm\interpreter\linkResolver.cpp, line 1185]
Event: 1.388 Thread 0x0000000002d92800 Exception <a 'java/io/FileNotFoundException'> (0x000000076e30bf28) thrown at [C:\ade\jenkins\workspace\8-2-build-windows-amd64-cygwin\jdk8u241\331\hotspot\src\share\vm\prims\jni.cpp, line 710]
Event: 2.831 Thread 0x0000000002d92800 Exception <a 'java/lang/NullPointerException'> (0x000000076f4f4738) thrown at [C:\ade\jenkins\workspace\8-2-build-windows-amd64-cygwin\jdk8u241\331\hotspot\src\share\vm\interpreter\linkResolver.cpp, line 1185]

Events (10 events):
Event: 3.162 loading class twitter4j/UserMentionEntityJSONImpl done
Event: 3.201 Thread 0x0000000002d92800 Uncommon trap: trap_request=0xffffff65 fr.pc=0x00000000033436d4
Event: 3.201 Thread 0x0000000002d92800 DEOPT PACKING pc=0x00000000033436d4 sp=0x0000000002d3f090
Event: 3.201 Thread 0x0000000002d92800 DEOPT UNPACKING pc=0x0000000002ed583b sp=0x0000000002d3eff8 mode 2
Event: 3.261 loading class twitter4j/QuotedStatusPermalinkJSONImpl
Event: 3.261 loading class twitter4j/QuotedStatusPermalinkJSONImpl done
Event: 3.321 loading class twitter4j/JSONStringer
Event: 3.321 loading class twitter4j/JSONStringer done
Event: 3.322 loading class twitter4j/JSONStringer$Scope
Event: 3.322 loading class twitter4j/JSONStringer$Scope done


Dynamic libraries:
0x00007ff6d6890000 - 0x00007ff6d68c7000 	C:\Program Files\Java\jre1.8.0_241\bin\javaw.exe
0x00007ff86c6a0000 - 0x00007ff86c890000 	C:\WINDOWS\SYSTEM32\ntdll.dll
0x00007ff86b660000 - 0x00007ff86b712000 	C:\WINDOWS\System32\KERNEL32.DLL
0x00007ff869f60000 - 0x00007ff86a203000 	C:\WINDOWS\System32\KERNELBASE.dll
0x00007ff86a750000 - 0x00007ff86a7f3000 	C:\WINDOWS\System32\ADVAPI32.dll
0x00007ff86bd00000 - 0x00007ff86bd9e000 	C:\WINDOWS\System32\msvcrt.dll
0x00007ff86af00000 - 0x00007ff86af97000 	C:\WINDOWS\System32\sechost.dll
0x00007ff86c4c0000 - 0x00007ff86c5e0000 	C:\WINDOWS\System32\RPCRT4.dll
0x00007ff86ac90000 - 0x00007ff86ae24000 	C:\WINDOWS\System32\USER32.dll
0x00007ff86a720000 - 0x00007ff86a741000 	C:\WINDOWS\System32\win32u.dll
0x00007ff86a820000 - 0x00007ff86a846000 	C:\WINDOWS\System32\GDI32.dll
0x00007ff86a4d0000 - 0x00007ff86a664000 	C:\WINDOWS\System32\gdi32full.dll
0x00007ff86a2e0000 - 0x00007ff86a37e000 	C:\WINDOWS\System32\msvcp_win.dll
0x00007ff869e60000 - 0x00007ff869f5a000 	C:\WINDOWS\System32\ucrtbase.dll
0x00007ff84f930000 - 0x00007ff84fbb5000 	C:\WINDOWS\WinSxS\amd64_microsoft.windows.common-controls_6595b64144ccf1df_6.0.18362.592_none_e6c0b1911312be02\COMCTL32.dll
0x00007ff86a940000 - 0x00007ff86ac76000 	C:\WINDOWS\System32\combase.dll
0x00007ff86a260000 - 0x00007ff86a2e0000 	C:\WINDOWS\System32\bcryptPrimitives.dll
0x00007ff86bda0000 - 0x00007ff86bdce000 	C:\WINDOWS\System32\IMM32.DLL
0x0000000066b30000 - 0x0000000066c02000 	C:\Program Files\Java\jre1.8.0_241\bin\msvcr100.dll
0x0000000066280000 - 0x0000000066b2c000 	C:\Program Files\Java\jre1.8.0_241\bin\server\jvm.dll
0x00007ff86b590000 - 0x00007ff86b598000 	C:\WINDOWS\System32\PSAPI.DLL
0x00007ff844050000 - 0x00007ff844059000 	C:\WINDOWS\SYSTEM32\WSOCK32.dll
0x00007ff83a2b0000 - 0x00007ff83a2d4000 	C:\WINDOWS\SYSTEM32\WINMM.dll
0x00007ff85ca10000 - 0x00007ff85ca1a000 	C:\WINDOWS\SYSTEM32\VERSION.dll
0x00007ff86ba20000 - 0x00007ff86ba8f000 	C:\WINDOWS\System32\WS2_32.dll
0x00007ff853bb0000 - 0x00007ff853bdd000 	C:\WINDOWS\SYSTEM32\WINMMBASE.dll
0x00007ff86a210000 - 0x00007ff86a25a000 	C:\WINDOWS\System32\cfgmgr32.dll
0x00007ff861e70000 - 0x00007ff861e7f000 	C:\Program Files\Java\jre1.8.0_241\bin\verify.dll
0x00007ff85cb90000 - 0x00007ff85cbb9000 	C:\Program Files\Java\jre1.8.0_241\bin\java.dll
0x00007ff85c050000 - 0x00007ff85c066000 	C:\Program Files\Java\jre1.8.0_241\bin\zip.dll
0x00007ff86bdd0000 - 0x00007ff86c4b5000 	C:\WINDOWS\System32\SHELL32.dll
0x00007ff86b5b0000 - 0x00007ff86b659000 	C:\WINDOWS\System32\shcore.dll
0x00007ff8696c0000 - 0x00007ff869e3f000 	C:\WINDOWS\System32\windows.storage.dll
0x00007ff869610000 - 0x00007ff86962f000 	C:\WINDOWS\System32\profapi.dll
0x00007ff8695a0000 - 0x00007ff8695ea000 	C:\WINDOWS\System32\powrprof.dll
0x00007ff869570000 - 0x00007ff869580000 	C:\WINDOWS\System32\UMPDC.dll
0x00007ff86baf0000 - 0x00007ff86bb42000 	C:\WINDOWS\System32\shlwapi.dll
0x00007ff869580000 - 0x00007ff869591000 	C:\WINDOWS\System32\kernel.appcore.dll
0x00007ff869e40000 - 0x00007ff869e57000 	C:\WINDOWS\System32\cryptsp.dll
0x00007ff861e80000 - 0x00007ff861e9a000 	C:\Program Files\Java\jre1.8.0_241\bin\net.dll
0x00007ff868de0000 - 0x00007ff868e47000 	C:\WINDOWS\system32\mswsock.dll
0x00007ff85d1f0000 - 0x00007ff85d202000 	C:\Program Files\Java\jre1.8.0_241\bin\nio.dll
0x00007ff868950000 - 0x00007ff868983000 	C:\WINDOWS\system32\rsaenh.dll
0x00007ff869630000 - 0x00007ff869656000 	C:\WINDOWS\System32\bcrypt.dll
0x00007ff869490000 - 0x00007ff8694b5000 	C:\WINDOWS\SYSTEM32\USERENV.dll
0x00007ff868fb0000 - 0x00007ff868fbc000 	C:\WINDOWS\SYSTEM32\CRYPTBASE.dll
0x00007ff868af0000 - 0x00007ff868b2a000 	C:\WINDOWS\SYSTEM32\IPHLPAPI.DLL
0x00007ff86ac80000 - 0x00007ff86ac88000 	C:\WINDOWS\System32\NSI.dll
0x00007ff8591a0000 - 0x00007ff8591b6000 	C:\WINDOWS\SYSTEM32\dhcpcsvc6.DLL
0x00007ff859120000 - 0x00007ff85913c000 	C:\WINDOWS\SYSTEM32\dhcpcsvc.DLL
0x00007ff868b30000 - 0x00007ff868bfa000 	C:\WINDOWS\SYSTEM32\DNSAPI.dll
0x00007ff85d210000 - 0x00007ff85d21d000 	C:\Program Files\Java\jre1.8.0_241\bin\management.dll
0x00007ff85ab90000 - 0x00007ff85abb4000 	C:\Program Files\Java\jre1.8.0_241\bin\sunec.dll
0x00007ff85b560000 - 0x00007ff85b56b000 	C:\Program Files\Java\jre1.8.0_241\bin\sunmscapi.dll
0x00007ff86a380000 - 0x00007ff86a4c9000 	C:\WINDOWS\System32\CRYPT32.dll
0x00007ff8695f0000 - 0x00007ff869602000 	C:\WINDOWS\System32\MSASN1.dll
0x00007ff8588e0000 - 0x00007ff8588ea000 	C:\Windows\System32\rasadhlp.dll
0x00007ff858910000 - 0x00007ff858987000 	C:\WINDOWS\System32\fwpuclnt.dll

VM Arguments:
jvm_args: -Dfile.encoding=UTF-8 
java_command: twittercassandra.TwitterCassandra
java_class_path (initial): D:\Google Drive\IPM\wsEclipe\BigData\target\classes;C:\Users\yeping\.m2\repository\com\datastax\cassandra\cassandra-driver-core\3.0.0\cassandra-driver-core-3.0.0.jar;C:\Users\yeping\.m2\repository\io\netty\netty-handler\4.0.33.Final\netty-handler-4.0.33.Final.jar;C:\Users\yeping\.m2\repository\io\netty\netty-buffer\4.0.33.Final\netty-buffer-4.0.33.Final.jar;C:\Users\yeping\.m2\repository\io\netty\netty-common\4.0.33.Final\netty-common-4.0.33.Final.jar;C:\Users\yeping\.m2\repository\io\netty\netty-transport\4.0.33.Final\netty-transport-4.0.33.Final.jar;C:\Users\yeping\.m2\repository\io\netty\netty-codec\4.0.33.Final\netty-codec-4.0.33.Final.jar;C:\Users\yeping\.m2\repository\com\google\guava\guava\16.0.1\guava-16.0.1.jar;C:\Users\yeping\.m2\repository\io\dropwizard\metrics\metrics-core\3.1.2\metrics-core-3.1.2.jar;C:\Users\yeping\.m2\repository\org\slf4j\slf4j-api\1.7.7\slf4j-api-1.7.7.jar;C:\Users\yeping\.m2\repository\org\twitter4j\twitter4j-core\4.0.7\twitter4j-core-4.0.7.jar;C:\Users\yeping\.m2\repository\log4j\log4j\1.2.17\log4j-1.2.17.jar
Launcher Type: SUN_STANDARD

Environment Variables:
JAVA_HOME=C:\Program Files\Java\jre1.8.0_241
PATH=C:/Program Files/Java/jre1.8.0_241/bin/server;C:/Program Files/Java/jre1.8.0_241/bin;C:/Program Files/Java/jre1.8.0_241/lib/amd64;C:\Program Files (x86)\Common Files\Oracle\Java\javapath;D:\Users\yeping\Downloads\WINDOWS.X64_193000_db_home\bin;C:\Program Files\Java\jre1.8.0_241\bin;C:\WINDOWS\system32;C:\WINDOWS;C:\WINDOWS\System32\Wbem;C:\WINDOWS\System32\WindowsPowerShell\v1.0\;C:\WINDOWS\System32\OpenSSH\;C:\Program Files\dotnet\;E:\Putty\;C:\Program Files\apache-maven-3.6.1\bin;C:\Program Files\Microsoft SQL Server\Client SDK\ODBC\130\Tools\Binn\;C:\Program Files (x86)\Microsoft SQL Server\140\Tools\Binn\;C:\Program Files\Microsoft SQL Server\140\Tools\Binn\;C:\Program Files\Microsoft SQL Server\140\DTS\Binn\;e:\Program Files\Git\cmd;E:\HashiCorp\Vagrant\bin;E:\apache-cassandra-3.0.20\bin;%MAVEN_HOME\bin%;C:\Program Files (x86)\Java\jdk1.8.0_231\bin;C:\Users\yeping\AppData\Local\atom\bin;E:\apache-cassandra-3.0.20\bin;C:\Python27;C:\Users\yeping\AppData\Local\Microsoft\WindowsApps;C:\Program Files\apache-maven-3.6.3\bin;;D:\Users\yeping\Desktop;
USERNAME=yeping
OS=Windows_NT
PROCESSOR_IDENTIFIER=Intel64 Family 6 Model 142 Stepping 11, GenuineIntel



---------------  S Y S T E M  ---------------

OS: Windows 10.0 , 64 bit Build 18362 (10.0.18362.329)

CPU:total 8 (initial active 8) (4 cores per cpu, 2 threads per core) family 6 model 142 stepping 11, cmov, cx8, fxsr, mmx, sse, sse2, sse3, ssse3, sse4.1, sse4.2, popcnt, avx, avx2, aes, clmul, erms, 3dnowpref, lzcnt, ht, tsc, tscinvbit, bmi1, bmi2, adx

Memory: 4k page, physical 16579732k(7086932k free), swap 29955984k(6400k free)

vm_info: Java HotSpot(TM) 64-Bit Server VM (25.241-b07) for windows-amd64 JRE (1.8.0_241-b07), built on Dec 11 2019 10:21:40 by "rejava" with MS VC++ 10.0 (VS2010)

time: Fri Feb 28 02:18:39 2020
timezone: Paris, Madrid
elapsed time: 3 seconds (0d 0h 0m 3s)

