#
# There is insufficient memory for the Java Runtime Environment to continue.
# Native memory allocation (malloc) failed to allocate 32744 bytes for ChunkPool::allocate
# Possible reasons:
#   The system is out of physical RAM or swap space
#   The process is running with CompressedOops enabled, and the Java Heap may be blocking the growth of the native heap
# Possible solutions:
#   Reduce memory load on the system
#   Increase physical memory or swap space
#   Check if swap backing store is full
#   Decrease Java heap size (-Xmx/-Xms)
#   Decrease number of Java threads
#   Decrease Java thread stack sizes (-Xss)
#   Set larger code cache with -XX:ReservedCodeCacheSize=
#   JVM is running with Zero Based Compressed Oops mode in which the Java heap is
#     placed in the first 32GB address space. The Java Heap base address is the
#     maximum limit for the native heap growth. Please use -XX:HeapBaseMinAddress
#     to set the Java Heap base and to place the Java Heap above 32GB virtual address.
# This output file may be truncated or incomplete.
#
#  Out of Memory Error (allocation.cpp:272), pid=9164, tid=0x00000000000054dc
#
# JRE version: Java(TM) SE Runtime Environment (8.0_241-b07) (build 1.8.0_241-b07)
# Java VM: Java HotSpot(TM) 64-Bit Server VM (25.241-b07 mixed mode windows-amd64 compressed oops)
# Failed to write core dump. Minidumps are not enabled by default on client versions of Windows
#

---------------  T H R E A D  ---------------

Current thread (0x000000001fb5d000):  JavaThread "cluster2-nio-worker-1" [_thread_in_vm, id=21724, stack(0x00000000229c0000,0x0000000022ac0000)]

Stack: [0x00000000229c0000,0x0000000022ac0000]
[error occurred during error reporting (printing stack bounds), id 0xc0000005]

Native frames: (J=compiled Java code, j=interpreted, Vv=VM code, C=native code)

Java frames: (J=compiled Java code, j=interpreted, Vv=VM code)
J 238  java.lang.Throwable.fillInStackTrace(I)Ljava/lang/Throwable; (0 bytes) @ 0x0000000002fdb3bb [0x0000000002fdb380+0x3b]
J 237 C1 java.lang.Throwable.fillInStackTrace()Ljava/lang/Throwable; (29 bytes) @ 0x0000000002fe0a5c [0x0000000002fe0880+0x1dc]
J 556 C1 java.lang.Throwable.<init>(Ljava/lang/String;Ljava/lang/Throwable;)V (39 bytes) @ 0x00000000030a0a3c [0x00000000030a0880+0x1bc]
J 297 C1 java.lang.ClassNotFoundException.<init>(Ljava/lang/String;)V (7 bytes) @ 0x0000000003004ddc [0x0000000003004cc0+0x11c]
J 216 C1 java.net.URLClassLoader.findClass(Ljava/lang/String;)Ljava/lang/Class; (47 bytes) @ 0x0000000002fd363c [0x0000000002fd3300+0x33c]
J 151 C1 java.lang.ClassLoader.loadClass(Ljava/lang/String;Z)Ljava/lang/Class; (122 bytes) @ 0x0000000002f927f4 [0x0000000002f91e80+0x974]
J 151 C1 java.lang.ClassLoader.loadClass(Ljava/lang/String;Z)Ljava/lang/Class; (122 bytes) @ 0x0000000002f92594 [0x0000000002f91e80+0x714]
J 212 C1 sun.misc.Launcher$AppClassLoader.loadClass(Ljava/lang/String;Z)Ljava/lang/Class; (85 bytes) @ 0x0000000002fd190c [0x0000000002fd0f40+0x9cc]
J 211 C1 java.lang.ClassLoader.loadClass(Ljava/lang/String;)Ljava/lang/Class; (7 bytes) @ 0x0000000002fd0b4c [0x0000000002fd0a40+0x10c]
v  ~StubRoutines::call_stub
j  com.datastax.driver.core.Connection.closeAsync()Lcom/datastax/driver/core/CloseFuture;+0
j  com.datastax.driver.core.Connection.defunct(Ljava/lang/Exception;)Ljava/lang/Exception;+81
j  com.datastax.driver.core.Connection$Dispatcher.exceptionCaught(Lio/netty/channel/ChannelHandlerContext;Ljava/lang/Throwable;)V+82
j  io.netty.channel.AbstractChannelHandlerContext.invokeExceptionCaught(Ljava/lang/Throwable;)V+6
j  io.netty.channel.AbstractChannelHandlerContext.fireExceptionCaught(Ljava/lang/Throwable;)Lio/netty/channel/ChannelHandlerContext;+35
j  io.netty.channel.ChannelInboundHandlerAdapter.exceptionCaught(Lio/netty/channel/ChannelHandlerContext;Ljava/lang/Throwable;)V+2
j  io.netty.channel.AbstractChannelHandlerContext.invokeExceptionCaught(Ljava/lang/Throwable;)V+6
j  io.netty.channel.AbstractChannelHandlerContext.fireExceptionCaught(Ljava/lang/Throwable;)Lio/netty/channel/ChannelHandlerContext;+35
j  io.netty.channel.ChannelHandlerAdapter.exceptionCaught(Lio/netty/channel/ChannelHandlerContext;Ljava/lang/Throwable;)V+2
j  io.netty.channel.AbstractChannelHandlerContext.invokeExceptionCaught(Ljava/lang/Throwable;)V+6
j  io.netty.channel.AbstractChannelHandlerContext.fireExceptionCaught(Ljava/lang/Throwable;)Lio/netty/channel/ChannelHandlerContext;+35
j  io.netty.channel.ChannelInboundHandlerAdapter.exceptionCaught(Lio/netty/channel/ChannelHandlerContext;Ljava/lang/Throwable;)V+2
j  io.netty.channel.AbstractChannelHandlerContext.invokeExceptionCaught(Ljava/lang/Throwable;)V+6
j  io.netty.channel.AbstractChannelHandlerContext.fireExceptionCaught(Ljava/lang/Throwable;)Lio/netty/channel/ChannelHandlerContext;+35
j  io.netty.channel.ChannelHandlerAdapter.exceptionCaught(Lio/netty/channel/ChannelHandlerContext;Ljava/lang/Throwable;)V+2
j  io.netty.channel.AbstractChannelHandlerContext.invokeExceptionCaught(Ljava/lang/Throwable;)V+6
j  io.netty.channel.AbstractChannelHandlerContext.fireExceptionCaught(Ljava/lang/Throwable;)Lio/netty/channel/ChannelHandlerContext;+35
j  io.netty.channel.ChannelInboundHandlerAdapter.exceptionCaught(Lio/netty/channel/ChannelHandlerContext;Ljava/lang/Throwable;)V+2
j  io.netty.channel.AbstractChannelHandlerContext.invokeExceptionCaught(Ljava/lang/Throwable;)V+6
j  io.netty.channel.AbstractChannelHandlerContext.fireExceptionCaught(Ljava/lang/Throwable;)Lio/netty/channel/ChannelHandlerContext;+35
j  io.netty.channel.DefaultChannelPipeline.fireExceptionCaught(Ljava/lang/Throwable;)Lio/netty/channel/ChannelPipeline;+5
j  io.netty.channel.nio.AbstractNioByteChannel$NioByteUnsafe.handleReadException(Lio/netty/channel/ChannelPipeline;Lio/netty/buffer/ByteBuf;Ljava/lang/Throwable;Z)V+44
j  io.netty.channel.nio.AbstractNioByteChannel$NioByteUnsafe.read()V+305
j  io.netty.channel.nio.NioEventLoop.processSelectedKey(Ljava/nio/channels/SelectionKey;Lio/netty/channel/nio/AbstractNioChannel;)V+42
J 2182 C1 io.netty.channel.nio.NioEventLoop.processSelectedKeysOptimized([Ljava/nio/channels/SelectionKey;)V (103 bytes) @ 0x000000000353c9d4 [0x000000000353c500+0x4d4]
J 2164 C1 io.netty.channel.nio.NioEventLoop.processSelectedKeys()V (33 bytes) @ 0x000000000352dbcc [0x000000000352da60+0x16c]
j  io.netty.channel.nio.NioEventLoop.run()V+84
j  io.netty.util.concurrent.SingleThreadEventExecutor$2.run()V+13
j  java.lang.Thread.run()V+11
v  ~StubRoutines::call_stub

---------------  P R O C E S S  ---------------

Java Threads: ( => current thread )
  0x0000000002d32800 JavaThread "DestroyJavaVM" [_thread_blocked, id=16488, stack(0x0000000002bd0000,0x0000000002cd0000)]
=>0x000000001fb5d000 JavaThread "cluster2-nio-worker-1" [_thread_in_vm, id=21724, stack(0x00000000229c0000,0x0000000022ac0000)]
  0x000000001fa0a800 JavaThread "threadDeathWatcher-2-1" daemon [_thread_blocked, id=15236, stack(0x00000000208e0000,0x00000000209e0000)]
  0x000000001fa08000 JavaThread "cluster2-timeouter-0" [_thread_blocked, id=21032, stack(0x00000000207e0000,0x00000000208e0000)]
  0x000000001f95a000 JavaThread "cluster2-nio-worker-0" [_thread_blocked, id=10012, stack(0x00000000203e0000,0x00000000204e0000)]
  0x000000001f958800 JavaThread "cluster2-scheduled-task-worker-0" [_thread_blocked, id=19880, stack(0x00000000202e0000,0x00000000203e0000)]
  0x000000001f7e1800 JavaThread "cluster2-connection-reaper-0" [_thread_blocked, id=24376, stack(0x000000001fca0000,0x000000001fda0000)]
  0x000000001e732800 JavaThread "Service Thread" daemon [_thread_blocked, id=20660, stack(0x000000001f2a0000,0x000000001f3a0000)]
  0x000000001e6ad000 JavaThread "C1 CompilerThread3" daemon [_thread_blocked, id=3184, stack(0x000000001f1a0000,0x000000001f2a0000)]
  0x000000001e6a9000 JavaThread "C2 CompilerThread2" daemon [_thread_blocked, id=12512, stack(0x000000001f0a0000,0x000000001f1a0000)]
  0x000000001e6a2800 JavaThread "C2 CompilerThread1" daemon [_thread_blocked, id=24904, stack(0x000000001efa0000,0x000000001f0a0000)]
  0x000000001e69d800 JavaThread "C2 CompilerThread0" daemon [_thread_blocked, id=25980, stack(0x000000001eea0000,0x000000001efa0000)]
  0x000000001e69a000 JavaThread "Attach Listener" daemon [_thread_blocked, id=6572, stack(0x000000001eda0000,0x000000001eea0000)]
  0x000000001e699800 JavaThread "Signal Dispatcher" daemon [_thread_blocked, id=6960, stack(0x000000001eca0000,0x000000001eda0000)]
  0x000000001e690800 JavaThread "Finalizer" daemon [_thread_blocked, id=23252, stack(0x000000001ea70000,0x000000001eb70000)]
  0x0000000002e28800 JavaThread "Reference Handler" daemon [_thread_blocked, id=13644, stack(0x000000001e570000,0x000000001e670000)]

Other Threads:
  0x000000001c789800 VMThread [stack: 0x000000001e470000,0x000000001e570000] [id=13156]
  0x000000001e754800 WatcherThread [stack: 0x000000001f3a0000,0x000000001f4a0000] [id=25748]

VM state:not at safepoint (normal execution)

VM Mutex/Monitor currently owned by a thread: None

heap address: 0x00000006c3000000, size: 4048 MB, Compressed Oops mode: Zero based, Oop shift amount: 3
Narrow klass base: 0x0000000000000000, Narrow klass shift: 3
Compressed class space size: 1073741824 Address: 0x00000007c0000000

Heap:
 PSYoungGen      total 75776K, used 42686K [0x000000076bb00000, 0x0000000770f80000, 0x00000007c0000000)
  eden space 65024K, 49% used [0x000000076bb00000,0x000000076da34390,0x000000076fa80000)
  from space 10752K, 99% used [0x000000076fa80000,0x00000007704fb6a8,0x0000000770500000)
  to   space 10752K, 0% used [0x0000000770500000,0x0000000770500000,0x0000000770f80000)
 ParOldGen       total 173568K, used 2879K [0x00000006c3000000, 0x00000006cd980000, 0x000000076bb00000)
  object space 173568K, 1% used [0x00000006c3000000,0x00000006c32cfd68,0x00000006cd980000)
 Metaspace       used 18437K, capacity 18692K, committed 18816K, reserved 1064960K
  class space    used 2242K, capacity 2320K, committed 2432K, reserved 1048576K

Card table byte_map: [0x00000000121f0000,0x00000000129e0000] byte_map_base: 0x000000000ebd8000

Marking Bits: (ParMarkBitMap*) 0x0000000066b8be30
 Begin Bits: [0x0000000013730000, 0x0000000017670000)
 End Bits:   [0x0000000017670000, 0x000000001b5b0000)

Polling page: 0x0000000000f30000

CodeCache: size=245760Kb used=7343Kb max_used=7343Kb free=238416Kb
 bounds [0x0000000002e30000, 0x0000000003570000, 0x0000000011e30000]
 total_blobs=2689 nmethods=2223 adapters=378
 compilation: enabled

Compilation events (10 events):
Event: 538.184 Thread 0x000000001e69d800 nmethod 2226 0x0000000003560910 code [0x0000000003560ae0, 0x0000000003561028]
Event: 550.977 Thread 0x000000001e6a2800 2227       4       io.netty.util.HashedWheelTimer$HashedWheelBucket::expireTimeouts (123 bytes)
Event: 550.979 Thread 0x000000001e6a2800 nmethod 2227 0x000000000351d350 code [0x000000000351d480, 0x000000000351d4f8]
Event: 561.879 Thread 0x000000001e6ad000 2228       3       io.netty.buffer.PoolThreadCache::cacheForTiny (30 bytes)
Event: 561.880 Thread 0x000000001e6ad000 nmethod 2228 0x0000000003560050 code [0x00000000035601e0, 0x00000000035606e8]
Event: 570.730 Thread 0x000000001e6ad000 2229       1       io.netty.buffer.PoolChunk::value (7 bytes)
Event: 570.730 Thread 0x000000001e6ad000 nmethod 2229 0x0000000002f3e890 code [0x0000000002f3e9e0, 0x0000000002f3eb10]
Event: 570.731 Thread 0x000000001e6ad000 2230       3       io.netty.buffer.PoolArena::isTinyOrSmall (15 bytes)
Event: 570.731 Thread 0x000000001e6ad000 nmethod 2230 0x0000000002f34c10 code [0x0000000002f34d60, 0x0000000002f34f10]
Event: 581.764 Thread 0x000000001e6ad000 2231       3       io.netty.channel.AbstractChannelHandlerContext::fireChannelReadComplete (59 bytes)

GC Heap History (2 events):
Event: 1.630 GC heap before
{Heap before GC invocations=1 (full 0):
 PSYoungGen      total 75776K, used 64385K [0x000000076bb00000, 0x0000000770f80000, 0x00000007c0000000)
  eden space 65024K, 99% used [0x000000076bb00000,0x000000076f9e07d0,0x000000076fa80000)
  from space 10752K, 0% used [0x0000000770500000,0x0000000770500000,0x0000000770f80000)
  to   space 10752K, 0% used [0x000000076fa80000,0x000000076fa80000,0x0000000770500000)
 ParOldGen       total 173568K, used 0K [0x00000006c3000000, 0x00000006cd980000, 0x000000076bb00000)
  object space 173568K, 0% used [0x00000006c3000000,0x00000006c3000000,0x00000006cd980000)
 Metaspace       used 17884K, capacity 18148K, committed 18176K, reserved 1064960K
  class space    used 2212K, capacity 2288K, committed 2304K, reserved 1048576K
Event: 1.637 GC heap after
Heap after GC invocations=1 (full 0):
 PSYoungGen      total 75776K, used 10733K [0x000000076bb00000, 0x0000000770f80000, 0x00000007c0000000)
  eden space 65024K, 0% used [0x000000076bb00000,0x000000076bb00000,0x000000076fa80000)
  from space 10752K, 99% used [0x000000076fa80000,0x00000007704fb6a8,0x0000000770500000)
  to   space 10752K, 0% used [0x0000000770500000,0x0000000770500000,0x0000000770f80000)
 ParOldGen       total 173568K, used 2879K [0x00000006c3000000, 0x00000006cd980000, 0x000000076bb00000)
  object space 173568K, 1% used [0x00000006c3000000,0x00000006c32cfd68,0x00000006cd980000)
 Metaspace       used 17884K, capacity 18148K, committed 18176K, reserved 1064960K
  class space    used 2212K, capacity 2288K, committed 2304K, reserved 1048576K
}

Deoptimization events (10 events):
Event: 1.188 Thread 0x0000000002d32800 Uncommon trap: reason=class_check action=maybe_recompile pc=0x000000000338812c method=sun.security.util.math.intpoly.IntegerPolynomial$MutableElement.setSum(Lsun/security/util/math/IntegerModuloP;)Lsun/security/util/math/intpoly/IntegerPolynomial$MutableE
Event: 1.188 Thread 0x0000000002d32800 Uncommon trap: reason=class_check action=maybe_recompile pc=0x000000000338812c method=sun.security.util.math.intpoly.IntegerPolynomial$MutableElement.setSum(Lsun/security/util/math/IntegerModuloP;)Lsun/security/util/math/intpoly/IntegerPolynomial$MutableE
Event: 1.188 Thread 0x0000000002d32800 Uncommon trap: reason=class_check action=maybe_recompile pc=0x000000000338812c method=sun.security.util.math.intpoly.IntegerPolynomial$MutableElement.setSum(Lsun/security/util/math/IntegerModuloP;)Lsun/security/util/math/intpoly/IntegerPolynomial$MutableE
Event: 1.667 Thread 0x0000000002d32800 Uncommon trap: reason=unstable_if action=reinterpret pc=0x00000000033dbc24 method=java.lang.CharacterDataLatin1.digit(II)I @ 60
Event: 1.699 Thread 0x0000000002d32800 Uncommon trap: reason=unstable_if action=reinterpret pc=0x00000000032f3054 method=java.util.HashMap.resize()[Ljava/util/HashMap$Node; @ 206
Event: 3.226 Thread 0x0000000002d32800 Uncommon trap: reason=unstable_if action=reinterpret pc=0x00000000031cc690 method=java.util.HashMap.getNode(ILjava/lang/Object;)Ljava/util/HashMap$Node; @ 84
Event: 3.727 Thread 0x0000000002d32800 Uncommon trap: reason=unstable_if action=reinterpret pc=0x0000000003105d64 method=java.util.HashMap.getNode(ILjava/lang/Object;)Ljava/util/HashMap$Node; @ 84
Event: 23.769 Thread 0x0000000002d32800 Uncommon trap: reason=unstable_if action=reinterpret pc=0x00000000034cb5c4 method=sun.nio.cs.UTF_8$Encoder.encodeArrayLoop(Ljava/nio/CharBuffer;Ljava/nio/ByteBuffer;)Ljava/nio/charset/CoderResult; @ 134
Event: 51.834 Thread 0x000000001fb5d000 Uncommon trap: reason=unstable_if action=reinterpret pc=0x0000000002fa9498 method=sun.nio.cs.UTF_8$Encoder.encode([CII[B)I @ 33
Event: 581.764 Thread 0x000000001fb5d000 Uncommon trap: reason=unstable_if action=reinterpret pc=0x00000000032ef0c8 method=java.util.regex.Matcher.reset()Ljava/util/regex/Matcher; @ 47

Classes redefined (0 events):
No events

Internal exceptions (10 events):
Event: 0.691 Thread 0x0000000002d32800 Implicit null exception at 0x0000000003153715 to 0x000000000315393d
Event: 0.733 Thread 0x0000000002d32800 Exception <a 'java/lang/NullPointerException'> (0x000000076e2e3e58) thrown at [C:\ade\jenkins\workspace\8-2-build-windows-amd64-cygwin\jdk8u241\331\hotspot\src\share\vm\interpreter\linkResolver.cpp, line 1185]
Event: 0.733 Thread 0x0000000002d32800 Exception <a 'java/lang/NullPointerException'> (0x000000076e2e86e0) thrown at [C:\ade\jenkins\workspace\8-2-build-windows-amd64-cygwin\jdk8u241\331\hotspot\src\share\vm\interpreter\linkResolver.cpp, line 1185]
Event: 0.733 Thread 0x0000000002d32800 Exception <a 'java/io/FileNotFoundException'> (0x000000076e2e8b60) thrown at [C:\ade\jenkins\workspace\8-2-build-windows-amd64-cygwin\jdk8u241\331\hotspot\src\share\vm\prims\jni.cpp, line 710]
Event: 0.734 Thread 0x0000000002d32800 Exception <a 'java/lang/NullPointerException'> (0x000000076e3065e0) thrown at [C:\ade\jenkins\workspace\8-2-build-windows-amd64-cygwin\jdk8u241\331\hotspot\src\share\vm\interpreter\linkResolver.cpp, line 1185]
Event: 0.734 Thread 0x0000000002d32800 Exception <a 'java/lang/NullPointerException'> (0x000000076e30ae00) thrown at [C:\ade\jenkins\workspace\8-2-build-windows-amd64-cygwin\jdk8u241\331\hotspot\src\share\vm\interpreter\linkResolver.cpp, line 1185]
Event: 0.734 Thread 0x0000000002d32800 Exception <a 'java/io/FileNotFoundException'> (0x000000076e30b220) thrown at [C:\ade\jenkins\workspace\8-2-build-windows-amd64-cygwin\jdk8u241\331\hotspot\src\share\vm\prims\jni.cpp, line 710]
Event: 1.571 Thread 0x0000000002d32800 Exception <a 'java/lang/NullPointerException'> (0x000000076f4f3ad8) thrown at [C:\ade\jenkins\workspace\8-2-build-windows-amd64-cygwin\jdk8u241\331\hotspot\src\share\vm\interpreter\linkResolver.cpp, line 1185]
Event: 581.763 Thread 0x000000001f95a000 Exception <a 'java/io/IOException'> (0x000000076d441998) thrown at [C:\ade\jenkins\workspace\8-2-build-windows-amd64-cygwin\jdk8u241\331\hotspot\src\share\vm\prims\jni.cpp, line 710]
Event: 581.763 Thread 0x000000001fb5d000 Exception <a 'java/io/IOException'> (0x000000076d4f7bd8) thrown at [C:\ade\jenkins\workspace\8-2-build-windows-amd64-cygwin\jdk8u241\331\hotspot\src\share\vm\prims\jni.cpp, line 710]

Events (10 events):
Event: 495.252 Thread 0x000000001e6ad000 flushing nmethod 0x0000000002f326d0
Event: 495.252 Thread 0x000000001e6ad000 flushing nmethod 0x0000000002f331d0
Event: 495.252 Thread 0x000000001e6ad000 flushing nmethod 0x0000000002f34c10
Event: 495.252 Thread 0x000000001e6ad000 flushing nmethod 0x0000000002f3d690
Event: 495.252 Thread 0x000000001e6ad000 flushing nmethod 0x0000000002f3e890
Event: 581.764 Thread 0x000000001fb5d000 Uncommon trap: trap_request=0xffffff65 fr.pc=0x00000000032ef0c8
Event: 581.764 Thread 0x000000001fb5d000 DEOPT PACKING pc=0x00000000032ef0c8 sp=0x0000000022abe6d0
Event: 581.764 Thread 0x000000001fb5d000 DEOPT UNPACKING pc=0x0000000002e7583b sp=0x0000000022abe680 mode 2
Event: 581.764 loading class com/datastax/driver/core/CloseFuture$1
Event: 581.764 loading class com/datastax/driver/core/CloseFuture$1 done


Dynamic libraries:
0x00007ff6d6890000 - 0x00007ff6d68c7000 	C:\Program Files\Java\jre1.8.0_241\bin\javaw.exe
0x00007ff86c6a0000 - 0x00007ff86c890000 	C:\WINDOWS\SYSTEM32\ntdll.dll
0x00007ff86b660000 - 0x00007ff86b712000 	C:\WINDOWS\System32\KERNEL32.DLL
0x00007ff869f60000 - 0x00007ff86a203000 	C:\WINDOWS\System32\KERNELBASE.dll
0x00007ff86a750000 - 0x00007ff86a7f3000 	C:\WINDOWS\System32\ADVAPI32.dll
0x00007ff86bd00000 - 0x00007ff86bd9e000 	C:\WINDOWS\System32\msvcrt.dll
0x00007ff86af00000 - 0x00007ff86af97000 	C:\WINDOWS\System32\sechost.dll
0x00007ff86c4c0000 - 0x00007ff86c5e0000 	C:\WINDOWS\System32\RPCRT4.dll
0x00007ff86ac90000 - 0x00007ff86ae24000 	C:\WINDOWS\System32\USER32.dll
0x00007ff86a720000 - 0x00007ff86a741000 	C:\WINDOWS\System32\win32u.dll
0x00007ff86a820000 - 0x00007ff86a846000 	C:\WINDOWS\System32\GDI32.dll
0x00007ff86a4d0000 - 0x00007ff86a664000 	C:\WINDOWS\System32\gdi32full.dll
0x00007ff86a2e0000 - 0x00007ff86a37e000 	C:\WINDOWS\System32\msvcp_win.dll
0x00007ff869e60000 - 0x00007ff869f5a000 	C:\WINDOWS\System32\ucrtbase.dll
0x00007ff84f930000 - 0x00007ff84fbb5000 	C:\WINDOWS\WinSxS\amd64_microsoft.windows.common-controls_6595b64144ccf1df_6.0.18362.592_none_e6c0b1911312be02\COMCTL32.dll
0x00007ff86a940000 - 0x00007ff86ac76000 	C:\WINDOWS\System32\combase.dll
0x00007ff86a260000 - 0x00007ff86a2e0000 	C:\WINDOWS\System32\bcryptPrimitives.dll
0x00007ff86bda0000 - 0x00007ff86bdce000 	C:\WINDOWS\System32\IMM32.DLL
0x0000000066040000 - 0x0000000066112000 	C:\Program Files\Java\jre1.8.0_241\bin\msvcr100.dll
0x0000000066360000 - 0x0000000066c0c000 	C:\Program Files\Java\jre1.8.0_241\bin\server\jvm.dll
0x00007ff86b590000 - 0x00007ff86b598000 	C:\WINDOWS\System32\PSAPI.DLL
0x00007ff85ca10000 - 0x00007ff85ca1a000 	C:\WINDOWS\SYSTEM32\VERSION.dll
0x00007ff83a2b0000 - 0x00007ff83a2d4000 	C:\WINDOWS\SYSTEM32\WINMM.dll
0x00007ff844050000 - 0x00007ff844059000 	C:\WINDOWS\SYSTEM32\WSOCK32.dll
0x00007ff86ba20000 - 0x00007ff86ba8f000 	C:\WINDOWS\System32\WS2_32.dll
0x00007ff853bb0000 - 0x00007ff853bdd000 	C:\WINDOWS\SYSTEM32\WINMMBASE.dll
0x00007ff86a210000 - 0x00007ff86a25a000 	C:\WINDOWS\System32\cfgmgr32.dll
0x00007ff861df0000 - 0x00007ff861dff000 	C:\Program Files\Java\jre1.8.0_241\bin\verify.dll
0x00007ff85d1f0000 - 0x00007ff85d219000 	C:\Program Files\Java\jre1.8.0_241\bin\java.dll
0x00007ff85c050000 - 0x00007ff85c066000 	C:\Program Files\Java\jre1.8.0_241\bin\zip.dll
0x00007ff86bdd0000 - 0x00007ff86c4b5000 	C:\WINDOWS\System32\SHELL32.dll
0x00007ff86b5b0000 - 0x00007ff86b659000 	C:\WINDOWS\System32\shcore.dll
0x00007ff8696c0000 - 0x00007ff869e3f000 	C:\WINDOWS\System32\windows.storage.dll
0x00007ff869610000 - 0x00007ff86962f000 	C:\WINDOWS\System32\profapi.dll
0x00007ff8695a0000 - 0x00007ff8695ea000 	C:\WINDOWS\System32\powrprof.dll
0x00007ff869570000 - 0x00007ff869580000 	C:\WINDOWS\System32\UMPDC.dll
0x00007ff86baf0000 - 0x00007ff86bb42000 	C:\WINDOWS\System32\shlwapi.dll
0x00007ff869580000 - 0x00007ff869591000 	C:\WINDOWS\System32\kernel.appcore.dll
0x00007ff869e40000 - 0x00007ff869e57000 	C:\WINDOWS\System32\cryptsp.dll
0x00007ff85b320000 - 0x00007ff85b33a000 	C:\Program Files\Java\jre1.8.0_241\bin\net.dll
0x00007ff868de0000 - 0x00007ff868e47000 	C:\WINDOWS\system32\mswsock.dll
0x00007ff85b230000 - 0x00007ff85b242000 	C:\Program Files\Java\jre1.8.0_241\bin\nio.dll
0x00007ff868950000 - 0x00007ff868983000 	C:\WINDOWS\system32\rsaenh.dll
0x00007ff869630000 - 0x00007ff869656000 	C:\WINDOWS\System32\bcrypt.dll
0x00007ff869490000 - 0x00007ff8694b5000 	C:\WINDOWS\SYSTEM32\USERENV.dll
0x00007ff868fb0000 - 0x00007ff868fbc000 	C:\WINDOWS\SYSTEM32\CRYPTBASE.dll
0x00007ff868af0000 - 0x00007ff868b2a000 	C:\WINDOWS\SYSTEM32\IPHLPAPI.DLL
0x00007ff86ac80000 - 0x00007ff86ac88000 	C:\WINDOWS\System32\NSI.dll
0x00007ff8591a0000 - 0x00007ff8591b6000 	C:\WINDOWS\SYSTEM32\dhcpcsvc6.DLL
0x00007ff859120000 - 0x00007ff85913c000 	C:\WINDOWS\SYSTEM32\dhcpcsvc.DLL
0x00007ff868b30000 - 0x00007ff868bfa000 	C:\WINDOWS\SYSTEM32\DNSAPI.dll
0x00007ff85c110000 - 0x00007ff85c11d000 	C:\Program Files\Java\jre1.8.0_241\bin\management.dll
0x00007ff859890000 - 0x00007ff8598b4000 	C:\Program Files\Java\jre1.8.0_241\bin\sunec.dll
0x00007ff85bf10000 - 0x00007ff85bf1b000 	C:\Program Files\Java\jre1.8.0_241\bin\sunmscapi.dll
0x00007ff86a380000 - 0x00007ff86a4c9000 	C:\WINDOWS\System32\CRYPT32.dll
0x00007ff8695f0000 - 0x00007ff869602000 	C:\WINDOWS\System32\MSASN1.dll
0x00007ff8588e0000 - 0x00007ff8588ea000 	C:\Windows\System32\rasadhlp.dll
0x00007ff858910000 - 0x00007ff858987000 	C:\WINDOWS\System32\fwpuclnt.dll

VM Arguments:
jvm_args: -Dfile.encoding=UTF-8 
java_command: twittercassandra.TwitterCassandra
java_class_path (initial): D:\Google Drive\IPM\wsEclipe\BigData\target\classes;C:\Users\yeping\.m2\repository\com\datastax\cassandra\cassandra-driver-core\3.0.0\cassandra-driver-core-3.0.0.jar;C:\Users\yeping\.m2\repository\io\netty\netty-handler\4.0.33.Final\netty-handler-4.0.33.Final.jar;C:\Users\yeping\.m2\repository\io\netty\netty-buffer\4.0.33.Final\netty-buffer-4.0.33.Final.jar;C:\Users\yeping\.m2\repository\io\netty\netty-common\4.0.33.Final\netty-common-4.0.33.Final.jar;C:\Users\yeping\.m2\repository\io\netty\netty-transport\4.0.33.Final\netty-transport-4.0.33.Final.jar;C:\Users\yeping\.m2\repository\io\netty\netty-codec\4.0.33.Final\netty-codec-4.0.33.Final.jar;C:\Users\yeping\.m2\repository\com\google\guava\guava\16.0.1\guava-16.0.1.jar;C:\Users\yeping\.m2\repository\io\dropwizard\metrics\metrics-core\3.1.2\metrics-core-3.1.2.jar;C:\Users\yeping\.m2\repository\org\slf4j\slf4j-api\1.7.7\slf4j-api-1.7.7.jar;C:\Users\yeping\.m2\repository\org\twitter4j\twitter4j-core\4.0.7\twitter4j-core-4.0.7.jar;C:\Users\yeping\.m2\repository\log4j\log4j\1.2.17\log4j-1.2.17.jar
Launcher Type: SUN_STANDARD

Environment Variables:
JAVA_HOME=C:\Program Files\Java\jre1.8.0_241
PATH=C:/Program Files/Java/jre1.8.0_241/bin/server;C:/Program Files/Java/jre1.8.0_241/bin;C:/Program Files/Java/jre1.8.0_241/lib/amd64;C:\Program Files (x86)\Common Files\Oracle\Java\javapath;D:\Users\yeping\Downloads\WINDOWS.X64_193000_db_home\bin;C:\Program Files\Java\jre1.8.0_241\bin;C:\WINDOWS\system32;C:\WINDOWS;C:\WINDOWS\System32\Wbem;C:\WINDOWS\System32\WindowsPowerShell\v1.0\;C:\WINDOWS\System32\OpenSSH\;C:\Program Files\dotnet\;E:\Putty\;C:\Program Files\apache-maven-3.6.1\bin;C:\Program Files\Microsoft SQL Server\Client SDK\ODBC\130\Tools\Binn\;C:\Program Files (x86)\Microsoft SQL Server\140\Tools\Binn\;C:\Program Files\Microsoft SQL Server\140\Tools\Binn\;C:\Program Files\Microsoft SQL Server\140\DTS\Binn\;e:\Program Files\Git\cmd;E:\HashiCorp\Vagrant\bin;E:\apache-cassandra-3.0.20\bin;%MAVEN_HOME\bin%;C:\Program Files (x86)\Java\jdk1.8.0_231\bin;C:\Users\yeping\AppData\Local\atom\bin;E:\apache-cassandra-3.0.20\bin;C:\Python27;C:\Users\yeping\AppData\Local\Microsoft\WindowsApps;C:\Program Files\apache-maven-3.6.3\bin;;D:\Users\yeping\Desktop;
USERNAME=yeping
OS=Windows_NT
PROCESSOR_IDENTIFIER=Intel64 Family 6 Model 142 Stepping 11, GenuineIntel



---------------  S Y S T E M  ---------------

OS: Windows 10.0 , 64 bit Build 18362 (10.0.18362.329)

CPU:total 8 (initial active 8) (4 cores per cpu, 2 threads per core) family 6 model 142 stepping 11, cmov, cx8, fxsr, mmx, sse, sse2, sse3, ssse3, sse4.1, sse4.2, popcnt, avx, avx2, aes, clmul, erms, 3dnowpref, lzcnt, ht, tsc, tscinvbit, bmi1, bmi2, adx

Memory: 4k page, physical 16579732k(7051192k free), swap 29955984k(146020k free)

vm_info: Java HotSpot(TM) 64-Bit Server VM (25.241-b07) for windows-amd64 JRE (1.8.0_241-b07), built on Dec 11 2019 10:21:40 by "rejava" with MS VC++ 10.0 (VS2010)

time: Fri Feb 28 01:29:02 2020
timezone: Paris, Madrid
elapsed time: 581 seconds (0d 0h 9m 41s)

